<?xml version="1.0" encoding="UTF-8"?>
<testng-results ignored="0" total="1" passed="1" failed="0" skipped="0">
  <reporter-output>
  </reporter-output>
  <suite started-at="2022-12-10T16:04:37 IST" name="Default suite" finished-at="2022-12-10T16:05:14 IST" duration-ms="37292">
    <groups>
    </groups>
    <test started-at="2022-12-10T16:04:37 IST" name="Default test" finished-at="2022-12-10T16:05:14 IST" duration-ms="37292">
      <class name="Tests.RegistrationTest">
        <test-method is-config="true" signature="before()[pri:0, instance:Tests.RegistrationTest@1e04fa0a]" started-at="2022-12-10T16:04:37 IST" name="before" finished-at="2022-12-10T16:04:48 IST" duration-ms="11317" status="PASS">
          <reporter-output>
          </reporter-output>
        </test-method> <!-- before -->
        <test-method signature="login()[pri:0, instance:Tests.RegistrationTest@1e04fa0a]" started-at="2022-12-10T16:04:48 IST" name="login" finished-at="2022-12-10T16:05:14 IST" duration-ms="25922" status="PASS">
          <reporter-output>
          </reporter-output>
        </test-method> <!-- login -->
      </class> <!-- Tests.RegistrationTest -->
    </test> <!-- Default test -->
  </suite> <!-- Default suite -->
</testng-results>
